<?xml version="1.0" encoding="UTF-8"?>
<testsuites tests="3" failures="0" disabled="0" errors="0" timestamp="2021-08-23T12:29:39" time="0" name="AllTests">
  <testsuite name="SinglePlayerUnicycle4D" tests="3" failures="0" disabled="0" errors="0" time="0">
    <testcase name="Evaluate1" status="run" time="0" classname="SinglePlayerUnicycle4D" />
    <testcase name="Evaluate2" status="run" time="0" classname="SinglePlayerUnicycle4D" />
    <testcase name="Linearize" status="run" time="0" classname="SinglePlayerUnicycle4D" />
  </testsuite>
</testsuites>
