<?xml version="1.0" encoding="UTF-8"?>
<testsuites tests="3" failures="0" disabled="0" errors="0" timestamp="2021-08-23T12:29:39" time="0" name="AllTests">
  <testsuite name="MULTI_PLAYER_DYNAMICAL_SYSTEM" tests="3" failures="0" disabled="0" errors="0" time="0">
    <testcase name="EVALUATE1" status="run" time="0" classname="MULTI_PLAYER_DYNAMICAL_SYSTEM" />
    <testcase name="EVALUATE2" status="run" time="0" classname="MULTI_PLAYER_DYNAMICAL_SYSTEM" />
    <testcase name="LINEARIZE" status="run" time="0" classname="MULTI_PLAYER_DYNAMICAL_SYSTEM" />
  </testsuite>
</testsuites>
